2023-03-29T11:05:39.102+02:00  INFO 8748 --- [main] c.s.eurder.items.domain.ItemMapperTest   : Starting ItemMapperTest using Java 17.0.6 with PID 8748 (started by cdewanne in C:\_development\.programs\switchfully\Örder\Eurder)
2023-03-29T11:05:39.114+02:00  INFO 8748 --- [main] c.s.eurder.items.domain.ItemMapperTest   : No active profile set, falling back to 1 default profile: "default"
2023-03-29T11:05:40.375+02:00  INFO 8748 --- [main] trationDelegate$BeanPostProcessorChecker : Bean 'org.springframework.ws.config.annotation.DelegatingWsConfiguration' of type [org.springframework.ws.config.annotation.DelegatingWsConfiguration$$SpringCGLIB$$0] is not eligible for getting processed by all BeanPostProcessors (for example: not eligible for auto-proxying)
2023-03-29T11:05:40.438+02:00  INFO 8748 --- [main] .w.s.a.s.AnnotationActionEndpointMapping : Supporting [WS-Addressing August 2004, WS-Addressing 1.0]
2023-03-29T11:05:42.280+02:00  INFO 8748 --- [main] c.s.eurder.items.domain.ItemMapperTest   : Started ItemMapperTest in 3.606 seconds (process running for 7.547)
2023-03-29T11:05:44.333+02:00  INFO 8748 --- [main] t.c.s.AnnotationConfigContextLoaderUtils : Could not detect default configuration classes for test class [com.switchfully.eurder.items.service.ItemServiceTest]: ItemServiceTest does not declare any static, non-private, non-final, nested classes annotated with @Configuration.
2023-03-29T11:05:44.360+02:00  INFO 8748 --- [main] .b.t.c.SpringBootTestContextBootstrapper : Found @SpringBootConfiguration com.switchfully.eurder.EurderApplication for test class com.switchfully.eurder.items.service.ItemServiceTest
2023-03-29T11:05:44.389+02:00  INFO 8748 --- [main] t.c.s.AnnotationConfigContextLoaderUtils : Could not detect default configuration classes for test class [com.switchfully.eurder.items.repository.ItemDataBaseTest]: ItemDataBaseTest does not declare any static, non-private, non-final, nested classes annotated with @Configuration.
2023-03-29T11:05:44.420+02:00  INFO 8748 --- [main] .b.t.c.SpringBootTestContextBootstrapper : Found @SpringBootConfiguration com.switchfully.eurder.EurderApplication for test class com.switchfully.eurder.items.repository.ItemDataBaseTest
2023-03-29T11:05:44.438+02:00  INFO 8748 --- [main] t.c.s.AnnotationConfigContextLoaderUtils : Could not detect default configuration classes for test class [com.switchfully.eurder.items.repository.ItemRepositoryTest]: ItemRepositoryTest does not declare any static, non-private, non-final, nested classes annotated with @Configuration.
2023-03-29T11:05:44.441+02:00  INFO 8748 --- [main] .b.t.c.SpringBootTestContextBootstrapper : Found @SpringBootConfiguration com.switchfully.eurder.EurderApplication for test class com.switchfully.eurder.items.repository.ItemRepositoryTest
2023-03-29T11:05:44.475+02:00  INFO 8748 --- [main] t.c.s.AnnotationConfigContextLoaderUtils : Could not detect default configuration classes for test class [com.switchfully.eurder.items.api.ItemControllerTest]: ItemControllerTest does not declare any static, non-private, non-final, nested classes annotated with @Configuration.
2023-03-29T11:05:44.499+02:00  INFO 8748 --- [main] .b.t.c.SpringBootTestContextBootstrapper : Found @SpringBootConfiguration com.switchfully.eurder.EurderApplication for test class com.switchfully.eurder.items.api.ItemControllerTest
2023-03-29T11:05:44.522+02:00 ERROR 8748 --- [main] c.s.e.c.e.CustomerNotFoundException      : Customer 2 does not have access to ADD_ITEM
2023-03-29T11:05:50.135+02:00  INFO 1576 --- [restartedMain] c.switchfully.eurder.EurderApplication   : Starting EurderApplication using Java 17.0.6 with PID 1576 (C:\_development\.programs\switchfully\Örder\Eurder\target\classes started by cdewanne in C:\_development\.programs\switchfully\Örder\Eurder)
2023-03-29T11:05:50.138+02:00  INFO 1576 --- [restartedMain] c.switchfully.eurder.EurderApplication   : No active profile set, falling back to 1 default profile: "default"
2023-03-29T11:05:50.194+02:00  INFO 1576 --- [restartedMain] .e.DevToolsPropertyDefaultsPostProcessor : Devtools property defaults active! Set 'spring.devtools.add-properties' to 'false' to disable
2023-03-29T11:05:50.194+02:00  INFO 1576 --- [restartedMain] .e.DevToolsPropertyDefaultsPostProcessor : For additional web related logging consider setting the 'logging.level.web' property to 'DEBUG'
2023-03-29T11:05:51.007+02:00  INFO 1576 --- [restartedMain] trationDelegate$BeanPostProcessorChecker : Bean 'org.springframework.ws.config.annotation.DelegatingWsConfiguration' of type [org.springframework.ws.config.annotation.DelegatingWsConfiguration$$SpringCGLIB$$0] is not eligible for getting processed by all BeanPostProcessors (for example: not eligible for auto-proxying)
2023-03-29T11:05:51.038+02:00  INFO 1576 --- [restartedMain] .w.s.a.s.AnnotationActionEndpointMapping : Supporting [WS-Addressing August 2004, WS-Addressing 1.0]
2023-03-29T11:05:51.333+02:00  INFO 1576 --- [restartedMain] o.s.b.w.embedded.tomcat.TomcatWebServer  : Tomcat initialized with port(s): 8080 (http)
2023-03-29T11:05:51.345+02:00  INFO 1576 --- [restartedMain] o.apache.catalina.core.StandardService   : Starting service [Tomcat]
2023-03-29T11:05:51.345+02:00  INFO 1576 --- [restartedMain] o.apache.catalina.core.StandardEngine    : Starting Servlet engine: [Apache Tomcat/10.1.7]
2023-03-29T11:05:51.421+02:00  INFO 1576 --- [restartedMain] o.a.c.c.C.[Tomcat].[localhost].[/]       : Initializing Spring embedded WebApplicationContext
2023-03-29T11:05:51.421+02:00  INFO 1576 --- [restartedMain] w.s.c.ServletWebServerApplicationContext : Root WebApplicationContext: initialization completed in 1226 ms
2023-03-29T11:05:52.379+02:00  INFO 1576 --- [restartedMain] o.s.b.d.a.OptionalLiveReloadServer       : LiveReload server is running on port 35729
2023-03-29T11:05:52.417+02:00  INFO 1576 --- [restartedMain] o.s.b.w.embedded.tomcat.TomcatWebServer  : Tomcat started on port(s): 8080 (http) with context path ''
2023-03-29T11:05:52.427+02:00  INFO 1576 --- [restartedMain] c.switchfully.eurder.EurderApplication   : Started EurderApplication in 2.754 seconds (process running for 3.668)
2023-03-29T11:05:55.306+02:00  INFO 1576 --- [http-nio-8080-exec-1] o.a.c.c.C.[Tomcat].[localhost].[/]       : Initializing Spring DispatcherServlet 'dispatcherServlet'
2023-03-29T11:05:55.306+02:00  INFO 1576 --- [http-nio-8080-exec-1] o.s.web.servlet.DispatcherServlet        : Initializing Servlet 'dispatcherServlet'
2023-03-29T11:05:55.309+02:00  INFO 1576 --- [http-nio-8080-exec-1] o.s.web.servlet.DispatcherServlet        : Completed initialization in 1 ms
2023-03-29T11:05:55.807+02:00  WARN 1576 --- [http-nio-8080-exec-10] ocalVariableTableParameterNameDiscoverer : Using deprecated '-debug' fallback for parameter name resolution. Compile the affected code with '-parameters' instead or avoid its introspection: com.switchfully.eurder.items.api.ItemController
2023-03-29T11:05:55.936+02:00  WARN 1576 --- [http-nio-8080-exec-10] ocalVariableTableParameterNameDiscoverer : Using deprecated '-debug' fallback for parameter name resolution. Compile the affected code with '-parameters' instead or avoid its introspection: com.switchfully.eurder.customers.api.CustomerController
2023-03-29T11:05:55.980+02:00  INFO 1576 --- [http-nio-8080-exec-10] o.springdoc.api.AbstractOpenApiResource  : Init duration for springdoc-openapi is: 226 ms
2023-03-29T11:06:18.764+02:00 ERROR 1576 --- [http-nio-8080-exec-2] c.s.e.i.e.ItemNotFoundException          : Item not found Item with 7 id doesn't exist
2023-03-29T11:06:18.768+02:00  WARN 1576 --- [http-nio-8080-exec-2] .w.s.m.a.ResponseStatusExceptionResolver : Resolved [com.switchfully.eurder.items.exceptions.ItemNotFoundException]
2023-03-29T11:09:16.494+02:00  INFO 8972 --- [restartedMain] c.switchfully.eurder.EurderApplication   : Starting EurderApplication using Java 17.0.6 with PID 8972 (C:\_development\.programs\switchfully\Örder\Eurder\target\classes started by cdewanne in C:\_development\.programs\switchfully\Örder\Eurder)
2023-03-29T11:09:16.496+02:00  INFO 8972 --- [restartedMain] c.switchfully.eurder.EurderApplication   : No active profile set, falling back to 1 default profile: "default"
2023-03-29T11:09:16.537+02:00  INFO 8972 --- [restartedMain] .e.DevToolsPropertyDefaultsPostProcessor : Devtools property defaults active! Set 'spring.devtools.add-properties' to 'false' to disable
2023-03-29T11:09:16.537+02:00  INFO 8972 --- [restartedMain] .e.DevToolsPropertyDefaultsPostProcessor : For additional web related logging consider setting the 'logging.level.web' property to 'DEBUG'
2023-03-29T11:09:17.347+02:00  INFO 8972 --- [restartedMain] trationDelegate$BeanPostProcessorChecker : Bean 'org.springframework.ws.config.annotation.DelegatingWsConfiguration' of type [org.springframework.ws.config.annotation.DelegatingWsConfiguration$$SpringCGLIB$$0] is not eligible for getting processed by all BeanPostProcessors (for example: not eligible for auto-proxying)
2023-03-29T11:09:17.382+02:00  INFO 8972 --- [restartedMain] .w.s.a.s.AnnotationActionEndpointMapping : Supporting [WS-Addressing August 2004, WS-Addressing 1.0]
2023-03-29T11:09:17.723+02:00  INFO 8972 --- [restartedMain] o.s.b.w.embedded.tomcat.TomcatWebServer  : Tomcat initialized with port(s): 8080 (http)
2023-03-29T11:09:17.732+02:00  INFO 8972 --- [restartedMain] o.apache.catalina.core.StandardService   : Starting service [Tomcat]
2023-03-29T11:09:17.732+02:00  INFO 8972 --- [restartedMain] o.apache.catalina.core.StandardEngine    : Starting Servlet engine: [Apache Tomcat/10.1.7]
2023-03-29T11:09:17.796+02:00  INFO 8972 --- [restartedMain] o.a.c.c.C.[Tomcat].[localhost].[/]       : Initializing Spring embedded WebApplicationContext
2023-03-29T11:09:17.797+02:00  INFO 8972 --- [restartedMain] w.s.c.ServletWebServerApplicationContext : Root WebApplicationContext: initialization completed in 1259 ms
2023-03-29T11:09:18.723+02:00  INFO 8972 --- [restartedMain] o.s.b.d.a.OptionalLiveReloadServer       : LiveReload server is running on port 35729
2023-03-29T11:09:18.760+02:00  INFO 8972 --- [restartedMain] o.s.b.w.embedded.tomcat.TomcatWebServer  : Tomcat started on port(s): 8080 (http) with context path ''
2023-03-29T11:09:18.772+02:00  INFO 8972 --- [restartedMain] c.switchfully.eurder.EurderApplication   : Started EurderApplication in 2.649 seconds (process running for 3.239)
2023-03-29T11:09:35.303+02:00  INFO 8972 --- [http-nio-8080-exec-1] o.a.c.c.C.[Tomcat].[localhost].[/]       : Initializing Spring DispatcherServlet 'dispatcherServlet'
2023-03-29T11:09:35.304+02:00  INFO 8972 --- [http-nio-8080-exec-1] o.s.web.servlet.DispatcherServlet        : Initializing Servlet 'dispatcherServlet'
2023-03-29T11:09:35.305+02:00  INFO 8972 --- [http-nio-8080-exec-1] o.s.web.servlet.DispatcherServlet        : Completed initialization in 1 ms
2023-03-29T11:09:40.741+02:00 ERROR 8972 --- [http-nio-8080-exec-2] c.s.e.i.e.ItemNotFoundException          : Item not found Item with 7 id doesn't exist
2023-03-29T11:09:40.746+02:00  WARN 8972 --- [http-nio-8080-exec-2] .w.s.m.a.ResponseStatusExceptionResolver : Resolved [com.switchfully.eurder.items.exceptions.ItemNotFoundException]
2023-03-29T11:15:52.899+02:00  INFO 14704 --- [main] c.s.eurder.items.api.ItemControllerTest  : Starting ItemControllerTest using Java 17.0.6 with PID 14704 (started by cdewanne in C:\_development\.programs\switchfully\Örder\Eurder)
2023-03-29T11:15:52.900+02:00  INFO 14704 --- [main] c.s.eurder.items.api.ItemControllerTest  : No active profile set, falling back to 1 default profile: "default"
2023-03-29T11:15:53.742+02:00  INFO 14704 --- [main] trationDelegate$BeanPostProcessorChecker : Bean 'org.springframework.ws.config.annotation.DelegatingWsConfiguration' of type [org.springframework.ws.config.annotation.DelegatingWsConfiguration$$SpringCGLIB$$0] is not eligible for getting processed by all BeanPostProcessors (for example: not eligible for auto-proxying)
2023-03-29T11:15:53.777+02:00  INFO 14704 --- [main] .w.s.a.s.AnnotationActionEndpointMapping : Supporting [WS-Addressing August 2004, WS-Addressing 1.0]
2023-03-29T11:15:55.074+02:00  INFO 14704 --- [main] c.s.eurder.items.api.ItemControllerTest  : Started ItemControllerTest in 2.462 seconds (process running for 3.522)
2023-03-29T11:15:55.554+02:00 ERROR 14704 --- [main] c.s.e.c.e.CustomerNotFoundException      : Customer 2 does not have access to ADD_ITEM
2023-03-29T11:18:14.462+02:00  INFO 16028 --- [main] c.s.eurder.items.api.ItemControllerTest  : Starting ItemControllerTest using Java 17.0.6 with PID 16028 (started by cdewanne in C:\_development\.programs\switchfully\Örder\Eurder)
2023-03-29T11:18:14.463+02:00  INFO 16028 --- [main] c.s.eurder.items.api.ItemControllerTest  : No active profile set, falling back to 1 default profile: "default"
2023-03-29T11:18:15.238+02:00  INFO 16028 --- [main] trationDelegate$BeanPostProcessorChecker : Bean 'org.springframework.ws.config.annotation.DelegatingWsConfiguration' of type [org.springframework.ws.config.annotation.DelegatingWsConfiguration$$SpringCGLIB$$0] is not eligible for getting processed by all BeanPostProcessors (for example: not eligible for auto-proxying)
2023-03-29T11:18:15.271+02:00  INFO 16028 --- [main] .w.s.a.s.AnnotationActionEndpointMapping : Supporting [WS-Addressing August 2004, WS-Addressing 1.0]
2023-03-29T11:18:16.512+02:00  INFO 16028 --- [main] c.s.eurder.items.api.ItemControllerTest  : Started ItemControllerTest in 2.341 seconds (process running for 3.371)
2023-03-29T11:18:17.029+02:00 ERROR 16028 --- [main] c.s.e.i.e.ItemNotFoundException          : Item not found Item with 15545658 id doesn't exist
2023-03-29T11:19:19.587+02:00  INFO 4388 --- [main] c.s.e.c.api.CustomerControllerTest       : Starting CustomerControllerTest using Java 17.0.6 with PID 4388 (started by cdewanne in C:\_development\.programs\switchfully\Örder\Eurder)
2023-03-29T11:19:19.588+02:00  INFO 4388 --- [main] c.s.e.c.api.CustomerControllerTest       : No active profile set, falling back to 1 default profile: "default"
2023-03-29T11:19:20.350+02:00  INFO 4388 --- [main] trationDelegate$BeanPostProcessorChecker : Bean 'org.springframework.ws.config.annotation.DelegatingWsConfiguration' of type [org.springframework.ws.config.annotation.DelegatingWsConfiguration$$SpringCGLIB$$0] is not eligible for getting processed by all BeanPostProcessors (for example: not eligible for auto-proxying)
2023-03-29T11:19:20.379+02:00  INFO 4388 --- [main] .w.s.a.s.AnnotationActionEndpointMapping : Supporting [WS-Addressing August 2004, WS-Addressing 1.0]
2023-03-29T11:19:21.689+02:00  INFO 4388 --- [main] c.s.e.c.api.CustomerControllerTest       : Started CustomerControllerTest in 2.437 seconds (process running for 3.556)
2023-03-29T11:19:22.245+02:00 ERROR 4388 --- [main] c.s.e.c.e.CustomerNotFoundException      : Customer not found Customer with 15545658 id doesn't exist
2023-03-29T11:24:11.499+02:00  INFO 16488 --- [main] c.s.e.c.r.CustomerRepositoryTest         : Starting CustomerRepositoryTest using Java 17.0.6 with PID 16488 (started by cdewanne in C:\_development\.programs\switchfully\Örder\Eurder)
2023-03-29T11:24:11.501+02:00  INFO 16488 --- [main] c.s.e.c.r.CustomerRepositoryTest         : No active profile set, falling back to 1 default profile: "default"
2023-03-29T11:24:12.308+02:00  INFO 16488 --- [main] trationDelegate$BeanPostProcessorChecker : Bean 'org.springframework.ws.config.annotation.DelegatingWsConfiguration' of type [org.springframework.ws.config.annotation.DelegatingWsConfiguration$$SpringCGLIB$$0] is not eligible for getting processed by all BeanPostProcessors (for example: not eligible for auto-proxying)
2023-03-29T11:24:12.339+02:00  INFO 16488 --- [main] .w.s.a.s.AnnotationActionEndpointMapping : Supporting [WS-Addressing August 2004, WS-Addressing 1.0]
2023-03-29T11:24:13.746+02:00  INFO 16488 --- [main] c.s.e.c.r.CustomerRepositoryTest         : Started CustomerRepositoryTest in 2.558 seconds (process running for 3.596)
2023-03-29T11:26:46.201+02:00  INFO 2836 --- [main] c.s.e.i.repository.ItemRepositoryTest    : Starting ItemRepositoryTest using Java 17.0.6 with PID 2836 (started by cdewanne in C:\_development\.programs\switchfully\Örder\Eurder)
2023-03-29T11:26:46.203+02:00  INFO 2836 --- [main] c.s.e.i.repository.ItemRepositoryTest    : No active profile set, falling back to 1 default profile: "default"
2023-03-29T11:26:47.022+02:00  INFO 2836 --- [main] trationDelegate$BeanPostProcessorChecker : Bean 'org.springframework.ws.config.annotation.DelegatingWsConfiguration' of type [org.springframework.ws.config.annotation.DelegatingWsConfiguration$$SpringCGLIB$$0] is not eligible for getting processed by all BeanPostProcessors (for example: not eligible for auto-proxying)
2023-03-29T11:26:47.051+02:00  INFO 2836 --- [main] .w.s.a.s.AnnotationActionEndpointMapping : Supporting [WS-Addressing August 2004, WS-Addressing 1.0]
2023-03-29T11:26:48.524+02:00  INFO 2836 --- [main] c.s.e.i.repository.ItemRepositoryTest    : Started ItemRepositoryTest in 2.642 seconds (process running for 3.781)
2023-03-29T11:29:45.511+02:00  INFO 2004 --- [main] c.s.e.c.service.CustomerServiceTest      : Starting CustomerServiceTest using Java 17.0.6 with PID 2004 (started by cdewanne in C:\_development\.programs\switchfully\Örder\Eurder)
2023-03-29T11:29:45.512+02:00  INFO 2004 --- [main] c.s.e.c.service.CustomerServiceTest      : No active profile set, falling back to 1 default profile: "default"
2023-03-29T11:29:46.329+02:00  INFO 2004 --- [main] trationDelegate$BeanPostProcessorChecker : Bean 'org.springframework.ws.config.annotation.DelegatingWsConfiguration' of type [org.springframework.ws.config.annotation.DelegatingWsConfiguration$$SpringCGLIB$$0] is not eligible for getting processed by all BeanPostProcessors (for example: not eligible for auto-proxying)
2023-03-29T11:29:46.357+02:00  INFO 2004 --- [main] .w.s.a.s.AnnotationActionEndpointMapping : Supporting [WS-Addressing August 2004, WS-Addressing 1.0]
2023-03-29T11:29:47.662+02:00  INFO 2004 --- [main] c.s.e.c.service.CustomerServiceTest      : Started CustomerServiceTest in 2.465 seconds (process running for 3.468)
2023-03-29T11:34:29.582+02:00  INFO 13452 --- [main] c.s.e.items.service.ItemServiceTest      : Starting ItemServiceTest using Java 17.0.6 with PID 13452 (started by cdewanne in C:\_development\.programs\switchfully\Örder\Eurder)
2023-03-29T11:34:29.583+02:00  INFO 13452 --- [main] c.s.e.items.service.ItemServiceTest      : No active profile set, falling back to 1 default profile: "default"
2023-03-29T11:34:30.398+02:00  INFO 13452 --- [main] trationDelegate$BeanPostProcessorChecker : Bean 'org.springframework.ws.config.annotation.DelegatingWsConfiguration' of type [org.springframework.ws.config.annotation.DelegatingWsConfiguration$$SpringCGLIB$$0] is not eligible for getting processed by all BeanPostProcessors (for example: not eligible for auto-proxying)
2023-03-29T11:34:30.427+02:00  INFO 13452 --- [main] .w.s.a.s.AnnotationActionEndpointMapping : Supporting [WS-Addressing August 2004, WS-Addressing 1.0]
2023-03-29T11:34:31.751+02:00  INFO 13452 --- [main] c.s.e.items.service.ItemServiceTest      : Started ItemServiceTest in 2.489 seconds (process running for 3.523)
2023-03-29T11:37:26.805+02:00  INFO 7680 --- [main] c.s.e.items.service.ItemServiceTest      : Starting ItemServiceTest using Java 17.0.6 with PID 7680 (started by cdewanne in C:\_development\.programs\switchfully\Örder\Eurder)
2023-03-29T11:37:26.807+02:00  INFO 7680 --- [main] c.s.e.items.service.ItemServiceTest      : No active profile set, falling back to 1 default profile: "default"
2023-03-29T11:37:27.603+02:00  INFO 7680 --- [main] trationDelegate$BeanPostProcessorChecker : Bean 'org.springframework.ws.config.annotation.DelegatingWsConfiguration' of type [org.springframework.ws.config.annotation.DelegatingWsConfiguration$$SpringCGLIB$$0] is not eligible for getting processed by all BeanPostProcessors (for example: not eligible for auto-proxying)
2023-03-29T11:37:27.634+02:00  INFO 7680 --- [main] .w.s.a.s.AnnotationActionEndpointMapping : Supporting [WS-Addressing August 2004, WS-Addressing 1.0]
2023-03-29T11:37:28.944+02:00  INFO 7680 --- [main] c.s.e.items.service.ItemServiceTest      : Started ItemServiceTest in 2.445 seconds (process running for 3.472)
2023-03-29T11:41:33.546+02:00  INFO 6584 --- [main] c.s.e.c.api.CustomerControllerTest       : Starting CustomerControllerTest using Java 17.0.6 with PID 6584 (started by cdewanne in C:\_development\.programs\switchfully\Örder\Eurder)
2023-03-29T11:41:33.548+02:00  INFO 6584 --- [main] c.s.e.c.api.CustomerControllerTest       : No active profile set, falling back to 1 default profile: "default"
2023-03-29T11:41:34.360+02:00  INFO 6584 --- [main] trationDelegate$BeanPostProcessorChecker : Bean 'org.springframework.ws.config.annotation.DelegatingWsConfiguration' of type [org.springframework.ws.config.annotation.DelegatingWsConfiguration$$SpringCGLIB$$0] is not eligible for getting processed by all BeanPostProcessors (for example: not eligible for auto-proxying)
2023-03-29T11:41:34.388+02:00  INFO 6584 --- [main] .w.s.a.s.AnnotationActionEndpointMapping : Supporting [WS-Addressing August 2004, WS-Addressing 1.0]
2023-03-29T11:41:35.883+02:00  INFO 6584 --- [main] c.s.e.c.api.CustomerControllerTest       : Started CustomerControllerTest in 2.625 seconds (process running for 3.673)
2023-03-29T11:42:31.084+02:00  INFO 9032 --- [main] c.s.eurder.items.api.ItemControllerTest  : Starting ItemControllerTest using Java 17.0.6 with PID 9032 (started by cdewanne in C:\_development\.programs\switchfully\Örder\Eurder)
2023-03-29T11:42:31.085+02:00  INFO 9032 --- [main] c.s.eurder.items.api.ItemControllerTest  : No active profile set, falling back to 1 default profile: "default"
2023-03-29T11:42:31.883+02:00  INFO 9032 --- [main] trationDelegate$BeanPostProcessorChecker : Bean 'org.springframework.ws.config.annotation.DelegatingWsConfiguration' of type [org.springframework.ws.config.annotation.DelegatingWsConfiguration$$SpringCGLIB$$0] is not eligible for getting processed by all BeanPostProcessors (for example: not eligible for auto-proxying)
2023-03-29T11:42:31.919+02:00  INFO 9032 --- [main] .w.s.a.s.AnnotationActionEndpointMapping : Supporting [WS-Addressing August 2004, WS-Addressing 1.0]
2023-03-29T11:42:33.325+02:00  INFO 9032 --- [main] c.s.eurder.items.api.ItemControllerTest  : Started ItemControllerTest in 2.561 seconds (process running for 3.689)
2023-03-29T13:30:47.806+02:00  INFO 7968 --- [main] c.s.eurder.items.api.ItemControllerTest  : Starting ItemControllerTest using Java 17.0.6 with PID 7968 (started by cdewanne in C:\_development\.programs\switchfully\Örder\Eurder)
2023-03-29T13:30:47.808+02:00  INFO 7968 --- [main] c.s.eurder.items.api.ItemControllerTest  : No active profile set, falling back to 1 default profile: "default"
2023-03-29T13:30:48.820+02:00  INFO 7968 --- [main] trationDelegate$BeanPostProcessorChecker : Bean 'org.springframework.ws.config.annotation.DelegatingWsConfiguration' of type [org.springframework.ws.config.annotation.DelegatingWsConfiguration$$SpringCGLIB$$0] is not eligible for getting processed by all BeanPostProcessors (for example: not eligible for auto-proxying)
2023-03-29T13:30:48.857+02:00  INFO 7968 --- [main] .w.s.a.s.AnnotationActionEndpointMapping : Supporting [WS-Addressing August 2004, WS-Addressing 1.0]
2023-03-29T13:30:50.343+02:00  INFO 7968 --- [main] c.s.eurder.items.api.ItemControllerTest  : Started ItemControllerTest in 2.848 seconds (process running for 5.047)
2023-03-29T14:00:45.954+02:00  INFO 14496 --- [main] c.s.eurder.items.api.ItemControllerTest  : Starting ItemControllerTest using Java 17.0.6 with PID 14496 (started by cdewanne in C:\_development\.programs\switchfully\Örder\Eurder)
2023-03-29T14:00:45.955+02:00  INFO 14496 --- [main] c.s.eurder.items.api.ItemControllerTest  : No active profile set, falling back to 1 default profile: "default"
2023-03-29T14:00:46.967+02:00  INFO 14496 --- [main] trationDelegate$BeanPostProcessorChecker : Bean 'org.springframework.ws.config.annotation.DelegatingWsConfiguration' of type [org.springframework.ws.config.annotation.DelegatingWsConfiguration$$SpringCGLIB$$0] is not eligible for getting processed by all BeanPostProcessors (for example: not eligible for auto-proxying)
2023-03-29T14:00:47.007+02:00  INFO 14496 --- [main] .w.s.a.s.AnnotationActionEndpointMapping : Supporting [WS-Addressing August 2004, WS-Addressing 1.0]
2023-03-29T14:00:48.715+02:00  INFO 14496 --- [main] c.s.eurder.items.api.ItemControllerTest  : Started ItemControllerTest in 3.166 seconds (process running for 4.396)
2023-03-29T14:00:56.315+02:00  INFO 1788 --- [restartedMain] c.switchfully.eurder.EurderApplication   : Starting EurderApplication using Java 17.0.6 with PID 1788 (C:\_development\.programs\switchfully\Örder\Eurder\target\classes started by cdewanne in C:\_development\.programs\switchfully\Örder\Eurder)
2023-03-29T14:00:56.317+02:00  INFO 1788 --- [restartedMain] c.switchfully.eurder.EurderApplication   : No active profile set, falling back to 1 default profile: "default"
2023-03-29T14:00:56.359+02:00  INFO 1788 --- [restartedMain] .e.DevToolsPropertyDefaultsPostProcessor : Devtools property defaults active! Set 'spring.devtools.add-properties' to 'false' to disable
2023-03-29T14:00:56.359+02:00  INFO 1788 --- [restartedMain] .e.DevToolsPropertyDefaultsPostProcessor : For additional web related logging consider setting the 'logging.level.web' property to 'DEBUG'
2023-03-29T14:00:57.149+02:00  INFO 1788 --- [restartedMain] trationDelegate$BeanPostProcessorChecker : Bean 'org.springframework.ws.config.annotation.DelegatingWsConfiguration' of type [org.springframework.ws.config.annotation.DelegatingWsConfiguration$$SpringCGLIB$$0] is not eligible for getting processed by all BeanPostProcessors (for example: not eligible for auto-proxying)
2023-03-29T14:00:57.180+02:00  INFO 1788 --- [restartedMain] .w.s.a.s.AnnotationActionEndpointMapping : Supporting [WS-Addressing August 2004, WS-Addressing 1.0]
2023-03-29T14:00:57.415+02:00  INFO 1788 --- [restartedMain] o.s.b.w.embedded.tomcat.TomcatWebServer  : Tomcat initialized with port(s): 8080 (http)
2023-03-29T14:00:57.423+02:00  INFO 1788 --- [restartedMain] o.apache.catalina.core.StandardService   : Starting service [Tomcat]
2023-03-29T14:00:57.423+02:00  INFO 1788 --- [restartedMain] o.apache.catalina.core.StandardEngine    : Starting Servlet engine: [Apache Tomcat/10.1.7]
2023-03-29T14:00:57.485+02:00  INFO 1788 --- [restartedMain] o.a.c.c.C.[Tomcat].[localhost].[/]       : Initializing Spring embedded WebApplicationContext
2023-03-29T14:00:57.485+02:00  INFO 1788 --- [restartedMain] w.s.c.ServletWebServerApplicationContext : Root WebApplicationContext: initialization completed in 1125 ms
2023-03-29T14:00:58.340+02:00  INFO 1788 --- [restartedMain] o.s.b.d.a.OptionalLiveReloadServer       : LiveReload server is running on port 35729
2023-03-29T14:00:58.374+02:00  INFO 1788 --- [restartedMain] o.s.b.w.embedded.tomcat.TomcatWebServer  : Tomcat started on port(s): 8080 (http) with context path ''
2023-03-29T14:00:58.384+02:00  INFO 1788 --- [restartedMain] c.switchfully.eurder.EurderApplication   : Started EurderApplication in 2.431 seconds (process running for 3.031)
2023-03-29T14:01:20.352+02:00  INFO 1788 --- [http-nio-8080-exec-2] o.a.c.c.C.[Tomcat].[localhost].[/]       : Initializing Spring DispatcherServlet 'dispatcherServlet'
2023-03-29T14:01:20.353+02:00  INFO 1788 --- [http-nio-8080-exec-2] o.s.web.servlet.DispatcherServlet        : Initializing Servlet 'dispatcherServlet'
2023-03-29T14:01:20.356+02:00  INFO 1788 --- [http-nio-8080-exec-2] o.s.web.servlet.DispatcherServlet        : Completed initialization in 1 ms
2023-03-29T14:01:20.744+02:00  WARN 1788 --- [http-nio-8080-exec-6] ocalVariableTableParameterNameDiscoverer : Using deprecated '-debug' fallback for parameter name resolution. Compile the affected code with '-parameters' instead or avoid its introspection: com.switchfully.eurder.items.api.ItemController
2023-03-29T14:01:20.981+02:00  WARN 1788 --- [http-nio-8080-exec-6] ocalVariableTableParameterNameDiscoverer : Using deprecated '-debug' fallback for parameter name resolution. Compile the affected code with '-parameters' instead or avoid its introspection: com.switchfully.eurder.customers.api.CustomerController
2023-03-29T14:01:21.024+02:00  INFO 1788 --- [http-nio-8080-exec-6] o.springdoc.api.AbstractOpenApiResource  : Init duration for springdoc-openapi is: 373 ms
2023-03-29T14:03:10.669+02:00  INFO 7616 --- [restartedMain] c.switchfully.eurder.EurderApplication   : Starting EurderApplication using Java 17.0.6 with PID 7616 (C:\_development\.programs\switchfully\Örder\Eurder\target\classes started by cdewanne in C:\_development\.programs\switchfully\Örder\Eurder)
2023-03-29T14:03:10.673+02:00  INFO 7616 --- [restartedMain] c.switchfully.eurder.EurderApplication   : No active profile set, falling back to 1 default profile: "default"
2023-03-29T14:03:10.720+02:00  INFO 7616 --- [restartedMain] .e.DevToolsPropertyDefaultsPostProcessor : Devtools property defaults active! Set 'spring.devtools.add-properties' to 'false' to disable
2023-03-29T14:03:10.720+02:00  INFO 7616 --- [restartedMain] .e.DevToolsPropertyDefaultsPostProcessor : For additional web related logging consider setting the 'logging.level.web' property to 'DEBUG'
2023-03-29T14:03:11.742+02:00  INFO 7616 --- [restartedMain] trationDelegate$BeanPostProcessorChecker : Bean 'org.springframework.ws.config.annotation.DelegatingWsConfiguration' of type [org.springframework.ws.config.annotation.DelegatingWsConfiguration$$SpringCGLIB$$0] is not eligible for getting processed by all BeanPostProcessors (for example: not eligible for auto-proxying)
2023-03-29T14:03:11.782+02:00  INFO 7616 --- [restartedMain] .w.s.a.s.AnnotationActionEndpointMapping : Supporting [WS-Addressing August 2004, WS-Addressing 1.0]
2023-03-29T14:03:12.077+02:00  INFO 7616 --- [restartedMain] o.s.b.w.embedded.tomcat.TomcatWebServer  : Tomcat initialized with port(s): 8080 (http)
2023-03-29T14:03:12.085+02:00  INFO 7616 --- [restartedMain] o.apache.catalina.core.StandardService   : Starting service [Tomcat]
2023-03-29T14:03:12.085+02:00  INFO 7616 --- [restartedMain] o.apache.catalina.core.StandardEngine    : Starting Servlet engine: [Apache Tomcat/10.1.7]
2023-03-29T14:03:12.147+02:00  INFO 7616 --- [restartedMain] o.a.c.c.C.[Tomcat].[localhost].[/]       : Initializing Spring embedded WebApplicationContext
2023-03-29T14:03:12.147+02:00  INFO 7616 --- [restartedMain] w.s.c.ServletWebServerApplicationContext : Root WebApplicationContext: initialization completed in 1426 ms
2023-03-29T14:03:13.128+02:00  INFO 7616 --- [restartedMain] o.s.b.d.a.OptionalLiveReloadServer       : LiveReload server is running on port 35729
2023-03-29T14:03:13.171+02:00  INFO 7616 --- [restartedMain] o.s.b.w.embedded.tomcat.TomcatWebServer  : Tomcat started on port(s): 8080 (http) with context path ''
2023-03-29T14:03:13.182+02:00  INFO 7616 --- [restartedMain] c.switchfully.eurder.EurderApplication   : Started EurderApplication in 2.967 seconds (process running for 4.393)
2023-03-29T14:03:21.183+02:00  INFO 7616 --- [http-nio-8080-exec-1] o.a.c.c.C.[Tomcat].[localhost].[/]       : Initializing Spring DispatcherServlet 'dispatcherServlet'
2023-03-29T14:03:21.185+02:00  INFO 7616 --- [http-nio-8080-exec-1] o.s.web.servlet.DispatcherServlet        : Initializing Servlet 'dispatcherServlet'
2023-03-29T14:03:21.187+02:00  INFO 7616 --- [http-nio-8080-exec-1] o.s.web.servlet.DispatcherServlet        : Completed initialization in 2 ms
2023-03-29T14:05:42.735+02:00  INFO 17812 --- [restartedMain] c.switchfully.eurder.EurderApplication   : Starting EurderApplication using Java 17.0.6 with PID 17812 (C:\_development\.programs\switchfully\Örder\Eurder\target\classes started by cdewanne in C:\_development\.programs\switchfully\Örder\Eurder)
2023-03-29T14:05:42.738+02:00  INFO 17812 --- [restartedMain] c.switchfully.eurder.EurderApplication   : No active profile set, falling back to 1 default profile: "default"
2023-03-29T14:05:42.790+02:00  INFO 17812 --- [restartedMain] .e.DevToolsPropertyDefaultsPostProcessor : Devtools property defaults active! Set 'spring.devtools.add-properties' to 'false' to disable
2023-03-29T14:05:42.790+02:00  INFO 17812 --- [restartedMain] .e.DevToolsPropertyDefaultsPostProcessor : For additional web related logging consider setting the 'logging.level.web' property to 'DEBUG'
2023-03-29T14:05:43.619+02:00  INFO 17812 --- [restartedMain] trationDelegate$BeanPostProcessorChecker : Bean 'org.springframework.ws.config.annotation.DelegatingWsConfiguration' of type [org.springframework.ws.config.annotation.DelegatingWsConfiguration$$SpringCGLIB$$0] is not eligible for getting processed by all BeanPostProcessors (for example: not eligible for auto-proxying)
2023-03-29T14:05:43.651+02:00  INFO 17812 --- [restartedMain] .w.s.a.s.AnnotationActionEndpointMapping : Supporting [WS-Addressing August 2004, WS-Addressing 1.0]
2023-03-29T14:05:43.899+02:00  INFO 17812 --- [restartedMain] o.s.b.w.embedded.tomcat.TomcatWebServer  : Tomcat initialized with port(s): 8080 (http)
2023-03-29T14:05:43.907+02:00  INFO 17812 --- [restartedMain] o.apache.catalina.core.StandardService   : Starting service [Tomcat]
2023-03-29T14:05:43.908+02:00  INFO 17812 --- [restartedMain] o.apache.catalina.core.StandardEngine    : Starting Servlet engine: [Apache Tomcat/10.1.7]
2023-03-29T14:05:43.974+02:00  INFO 17812 --- [restartedMain] o.a.c.c.C.[Tomcat].[localhost].[/]       : Initializing Spring embedded WebApplicationContext
2023-03-29T14:05:43.974+02:00  INFO 17812 --- [restartedMain] w.s.c.ServletWebServerApplicationContext : Root WebApplicationContext: initialization completed in 1183 ms
2023-03-29T14:05:45.047+02:00  INFO 17812 --- [restartedMain] o.s.b.d.a.OptionalLiveReloadServer       : LiveReload server is running on port 35729
2023-03-29T14:05:45.135+02:00  INFO 17812 --- [restartedMain] o.s.b.w.embedded.tomcat.TomcatWebServer  : Tomcat started on port(s): 8080 (http) with context path ''
2023-03-29T14:05:45.160+02:00  INFO 17812 --- [restartedMain] c.switchfully.eurder.EurderApplication   : Started EurderApplication in 2.792 seconds (process running for 3.389)
2023-03-29T14:05:48.845+02:00  INFO 17812 --- [http-nio-8080-exec-1] o.a.c.c.C.[Tomcat].[localhost].[/]       : Initializing Spring DispatcherServlet 'dispatcherServlet'
2023-03-29T14:05:48.845+02:00  INFO 17812 --- [http-nio-8080-exec-1] o.s.web.servlet.DispatcherServlet        : Initializing Servlet 'dispatcherServlet'
2023-03-29T14:05:48.847+02:00  INFO 17812 --- [http-nio-8080-exec-1] o.s.web.servlet.DispatcherServlet        : Completed initialization in 1 ms
2023-03-29T14:06:00.275+02:00 ERROR 17812 --- [http-nio-8080-exec-4] c.s.e.c.e.CustomerNotFoundException      : Customer 2 does not have access to UPDATE_ITEM
2023-03-29T14:06:00.278+02:00  WARN 17812 --- [http-nio-8080-exec-4] .w.s.m.a.ResponseStatusExceptionResolver : Resolved [com.switchfully.eurder.customers.exceptions.UnauthorizatedException: Customer 2 does not have access to UPDATE_ITEM]
2023-03-29T15:06:58.296+02:00  INFO 5388 --- [restartedMain] c.switchfully.eurder.EurderApplication   : Starting EurderApplication using Java 17.0.6 with PID 5388 (C:\_development\.programs\switchfully\Örder\Eurder\target\classes started by cdewanne in C:\_development\.programs\switchfully\Örder\Eurder)
2023-03-29T15:06:58.301+02:00  INFO 5388 --- [restartedMain] c.switchfully.eurder.EurderApplication   : No active profile set, falling back to 1 default profile: "default"
2023-03-29T15:06:58.418+02:00  INFO 5388 --- [restartedMain] .e.DevToolsPropertyDefaultsPostProcessor : Devtools property defaults active! Set 'spring.devtools.add-properties' to 'false' to disable
2023-03-29T15:06:58.419+02:00  INFO 5388 --- [restartedMain] .e.DevToolsPropertyDefaultsPostProcessor : For additional web related logging consider setting the 'logging.level.web' property to 'DEBUG'
2023-03-29T15:07:00.406+02:00  INFO 5388 --- [restartedMain] trationDelegate$BeanPostProcessorChecker : Bean 'org.springframework.ws.config.annotation.DelegatingWsConfiguration' of type [org.springframework.ws.config.annotation.DelegatingWsConfiguration$$SpringCGLIB$$0] is not eligible for getting processed by all BeanPostProcessors (for example: not eligible for auto-proxying)
2023-03-29T15:07:00.482+02:00  INFO 5388 --- [restartedMain] .w.s.a.s.AnnotationActionEndpointMapping : Supporting [WS-Addressing August 2004, WS-Addressing 1.0]
2023-03-29T15:07:01.096+02:00  INFO 5388 --- [restartedMain] o.s.b.w.embedded.tomcat.TomcatWebServer  : Tomcat initialized with port(s): 8080 (http)
2023-03-29T15:07:01.113+02:00  INFO 5388 --- [restartedMain] o.apache.catalina.core.StandardService   : Starting service [Tomcat]
2023-03-29T15:07:01.114+02:00  INFO 5388 --- [restartedMain] o.apache.catalina.core.StandardEngine    : Starting Servlet engine: [Apache Tomcat/10.1.7]
2023-03-29T15:07:01.275+02:00  INFO 5388 --- [restartedMain] o.a.c.c.C.[Tomcat].[localhost].[/]       : Initializing Spring embedded WebApplicationContext
2023-03-29T15:07:01.275+02:00  INFO 5388 --- [restartedMain] w.s.c.ServletWebServerApplicationContext : Root WebApplicationContext: initialization completed in 2855 ms
2023-03-29T15:07:03.037+02:00  INFO 5388 --- [restartedMain] o.s.b.d.a.OptionalLiveReloadServer       : LiveReload server is running on port 35729
2023-03-29T15:07:03.092+02:00  INFO 5388 --- [restartedMain] o.s.b.w.embedded.tomcat.TomcatWebServer  : Tomcat started on port(s): 8080 (http) with context path ''
2023-03-29T15:07:03.112+02:00  INFO 5388 --- [restartedMain] c.switchfully.eurder.EurderApplication   : Started EurderApplication in 5.59 seconds (process running for 12.558)
2023-03-29T15:07:23.671+02:00  INFO 5388 --- [http-nio-8080-exec-2] o.a.c.c.C.[Tomcat].[localhost].[/]       : Initializing Spring DispatcherServlet 'dispatcherServlet'
2023-03-29T15:07:23.672+02:00  INFO 5388 --- [http-nio-8080-exec-2] o.s.web.servlet.DispatcherServlet        : Initializing Servlet 'dispatcherServlet'
2023-03-29T15:07:23.674+02:00  INFO 5388 --- [http-nio-8080-exec-2] o.s.web.servlet.DispatcherServlet        : Completed initialization in 2 ms
2023-03-29T15:07:23.717+02:00 ERROR 5388 --- [http-nio-8080-exec-2] c.s.e.i.e.ItemNotFoundException          : Item not found Item with 10 id doesn't exist
2023-03-29T15:07:23.720+02:00  WARN 5388 --- [http-nio-8080-exec-2] .w.s.m.a.ResponseStatusExceptionResolver : Resolved [com.switchfully.eurder.items.exceptions.ItemNotFoundException]
2023-03-29T15:12:35.594+02:00 ERROR 5388 --- [http-nio-8080-exec-5] c.s.e.c.e.CustomerNotFoundException      : Customer not found Customer with 10 id doesn't exist
2023-03-29T15:12:35.595+02:00  WARN 5388 --- [http-nio-8080-exec-5] .w.s.m.a.ResponseStatusExceptionResolver : Resolved [com.switchfully.eurder.customers.exceptions.CustomerNotFoundException]
2023-03-29T15:14:03.439+02:00 ERROR 5388 --- [http-nio-8080-exec-8] c.s.e.c.e.CustomerNotFoundException      : Customer not found Customer with 10 id doesn't exist
2023-03-29T15:14:03.441+02:00  WARN 5388 --- [http-nio-8080-exec-8] .w.s.m.a.ResponseStatusExceptionResolver : Resolved [com.switchfully.eurder.customers.exceptions.CustomerNotFoundException]
2023-03-29T15:15:59.015+02:00  INFO 17996 --- [restartedMain] c.switchfully.eurder.EurderApplication   : Starting EurderApplication using Java 17.0.6 with PID 17996 (C:\_development\.programs\switchfully\Örder\Eurder\target\classes started by cdewanne in C:\_development\.programs\switchfully\Örder\Eurder)
2023-03-29T15:15:59.018+02:00  INFO 17996 --- [restartedMain] c.switchfully.eurder.EurderApplication   : No active profile set, falling back to 1 default profile: "default"
2023-03-29T15:15:59.063+02:00  INFO 17996 --- [restartedMain] .e.DevToolsPropertyDefaultsPostProcessor : Devtools property defaults active! Set 'spring.devtools.add-properties' to 'false' to disable
2023-03-29T15:15:59.063+02:00  INFO 17996 --- [restartedMain] .e.DevToolsPropertyDefaultsPostProcessor : For additional web related logging consider setting the 'logging.level.web' property to 'DEBUG'
2023-03-29T15:16:00.038+02:00  INFO 17996 --- [restartedMain] trationDelegate$BeanPostProcessorChecker : Bean 'org.springframework.ws.config.annotation.DelegatingWsConfiguration' of type [org.springframework.ws.config.annotation.DelegatingWsConfiguration$$SpringCGLIB$$0] is not eligible for getting processed by all BeanPostProcessors (for example: not eligible for auto-proxying)
2023-03-29T15:16:00.073+02:00  INFO 17996 --- [restartedMain] .w.s.a.s.AnnotationActionEndpointMapping : Supporting [WS-Addressing August 2004, WS-Addressing 1.0]
2023-03-29T15:16:00.417+02:00  INFO 17996 --- [restartedMain] o.s.b.w.embedded.tomcat.TomcatWebServer  : Tomcat initialized with port(s): 8080 (http)
2023-03-29T15:16:00.430+02:00  INFO 17996 --- [restartedMain] o.apache.catalina.core.StandardService   : Starting service [Tomcat]
2023-03-29T15:16:00.431+02:00  INFO 17996 --- [restartedMain] o.apache.catalina.core.StandardEngine    : Starting Servlet engine: [Apache Tomcat/10.1.7]
2023-03-29T15:16:00.501+02:00  INFO 17996 --- [restartedMain] o.a.c.c.C.[Tomcat].[localhost].[/]       : Initializing Spring embedded WebApplicationContext
2023-03-29T15:16:00.502+02:00  INFO 17996 --- [restartedMain] w.s.c.ServletWebServerApplicationContext : Root WebApplicationContext: initialization completed in 1437 ms
2023-03-29T15:16:01.454+02:00  INFO 17996 --- [restartedMain] o.s.b.d.a.OptionalLiveReloadServer       : LiveReload server is running on port 35729
2023-03-29T15:16:01.488+02:00  INFO 17996 --- [restartedMain] o.s.b.w.embedded.tomcat.TomcatWebServer  : Tomcat started on port(s): 8080 (http) with context path ''
2023-03-29T15:16:01.499+02:00  INFO 17996 --- [restartedMain] c.switchfully.eurder.EurderApplication   : Started EurderApplication in 2.864 seconds (process running for 3.577)
2023-03-29T15:16:25.230+02:00  INFO 17996 --- [http-nio-8080-exec-2] o.a.c.c.C.[Tomcat].[localhost].[/]       : Initializing Spring DispatcherServlet 'dispatcherServlet'
2023-03-29T15:16:25.230+02:00  INFO 17996 --- [http-nio-8080-exec-2] o.s.web.servlet.DispatcherServlet        : Initializing Servlet 'dispatcherServlet'
2023-03-29T15:16:25.232+02:00  INFO 17996 --- [http-nio-8080-exec-2] o.s.web.servlet.DispatcherServlet        : Completed initialization in 1 ms
2023-03-29T15:16:25.275+02:00 ERROR 17996 --- [http-nio-8080-exec-2] c.s.e.c.e.CustomerNotFoundException      : Customer not found Customer with 10 id doesn't exist
2023-03-29T15:16:25.279+02:00  WARN 17996 --- [http-nio-8080-exec-2] .w.s.m.a.ResponseStatusExceptionResolver : Resolved [com.switchfully.eurder.customers.exceptions.CustomerNotFoundException: Customer not found Customer with 10 id doesn't exist]
2023-03-29T15:17:41.429+02:00  INFO 13368 --- [main] c.s.e.c.repository.CustomerDataBaseTest  : Starting CustomerDataBaseTest using Java 17.0.6 with PID 13368 (started by cdewanne in C:\_development\.programs\switchfully\Örder\Eurder)
2023-03-29T15:17:41.431+02:00  INFO 13368 --- [main] c.s.e.c.repository.CustomerDataBaseTest  : No active profile set, falling back to 1 default profile: "default"
2023-03-29T15:17:42.519+02:00  INFO 13368 --- [main] trationDelegate$BeanPostProcessorChecker : Bean 'org.springframework.ws.config.annotation.DelegatingWsConfiguration' of type [org.springframework.ws.config.annotation.DelegatingWsConfiguration$$SpringCGLIB$$0] is not eligible for getting processed by all BeanPostProcessors (for example: not eligible for auto-proxying)
2023-03-29T15:17:42.559+02:00  INFO 13368 --- [main] .w.s.a.s.AnnotationActionEndpointMapping : Supporting [WS-Addressing August 2004, WS-Addressing 1.0]
2023-03-29T15:17:44.378+02:00  INFO 13368 --- [main] c.s.e.c.repository.CustomerDataBaseTest  : Started CustomerDataBaseTest in 3.335 seconds (process running for 6.369)
2023-03-29T15:17:45.098+02:00  INFO 13368 --- [main] t.c.s.AnnotationConfigContextLoaderUtils : Could not detect default configuration classes for test class [com.switchfully.eurder.customers.service.CustomerServiceTest]: CustomerServiceTest does not declare any static, non-private, non-final, nested classes annotated with @Configuration.
2023-03-29T15:17:45.119+02:00  INFO 13368 --- [main] .b.t.c.SpringBootTestContextBootstrapper : Found @SpringBootConfiguration com.switchfully.eurder.EurderApplication for test class com.switchfully.eurder.customers.service.CustomerServiceTest
2023-03-29T15:17:45.170+02:00  INFO 13368 --- [main] t.c.s.AnnotationConfigContextLoaderUtils : Could not detect default configuration classes for test class [com.switchfully.eurder.customers.repository.CustomerRepositoryTest]: CustomerRepositoryTest does not declare any static, non-private, non-final, nested classes annotated with @Configuration.
2023-03-29T15:17:45.174+02:00  INFO 13368 --- [main] .b.t.c.SpringBootTestContextBootstrapper : Found @SpringBootConfiguration com.switchfully.eurder.EurderApplication for test class com.switchfully.eurder.customers.repository.CustomerRepositoryTest
2023-03-29T15:17:45.225+02:00  INFO 13368 --- [main] t.c.s.AnnotationConfigContextLoaderUtils : Could not detect default configuration classes for test class [com.switchfully.eurder.customers.domain.CustomerMapperTest]: CustomerMapperTest does not declare any static, non-private, non-final, nested classes annotated with @Configuration.
2023-03-29T15:17:45.257+02:00  INFO 13368 --- [main] .b.t.c.SpringBootTestContextBootstrapper : Found @SpringBootConfiguration com.switchfully.eurder.EurderApplication for test class com.switchfully.eurder.customers.domain.CustomerMapperTest
2023-03-29T15:17:45.309+02:00  INFO 13368 --- [main] t.c.s.AnnotationConfigContextLoaderUtils : Could not detect default configuration classes for test class [com.switchfully.eurder.customers.api.CustomerControllerTest]: CustomerControllerTest does not declare any static, non-private, non-final, nested classes annotated with @Configuration.
2023-03-29T15:17:45.337+02:00  INFO 13368 --- [main] .b.t.c.SpringBootTestContextBootstrapper : Found @SpringBootConfiguration com.switchfully.eurder.EurderApplication for test class com.switchfully.eurder.customers.api.CustomerControllerTest
2023-03-29T15:17:45.358+02:00 ERROR 13368 --- [main] c.s.e.c.e.CustomerNotFoundException      : Customer not found Customer with 15545658 id doesn't exist
2023-03-29T15:18:07.827+02:00  INFO 10932 --- [main] c.s.eurder.items.domain.ItemMapperTest   : Starting ItemMapperTest using Java 17.0.6 with PID 10932 (started by cdewanne in C:\_development\.programs\switchfully\Örder\Eurder)
2023-03-29T15:18:07.829+02:00  INFO 10932 --- [main] c.s.eurder.items.domain.ItemMapperTest   : No active profile set, falling back to 1 default profile: "default"
2023-03-29T15:18:09.006+02:00  INFO 10932 --- [main] trationDelegate$BeanPostProcessorChecker : Bean 'org.springframework.ws.config.annotation.DelegatingWsConfiguration' of type [org.springframework.ws.config.annotation.DelegatingWsConfiguration$$SpringCGLIB$$0] is not eligible for getting processed by all BeanPostProcessors (for example: not eligible for auto-proxying)
2023-03-29T15:18:09.068+02:00  INFO 10932 --- [main] .w.s.a.s.AnnotationActionEndpointMapping : Supporting [WS-Addressing August 2004, WS-Addressing 1.0]
2023-03-29T15:18:10.883+02:00  INFO 10932 --- [main] c.s.eurder.items.domain.ItemMapperTest   : Started ItemMapperTest in 3.475 seconds (process running for 4.957)
2023-03-29T15:18:11.571+02:00  INFO 10932 --- [main] t.c.s.AnnotationConfigContextLoaderUtils : Could not detect default configuration classes for test class [com.switchfully.eurder.items.service.ItemServiceTest]: ItemServiceTest does not declare any static, non-private, non-final, nested classes annotated with @Configuration.
2023-03-29T15:18:11.591+02:00  INFO 10932 --- [main] .b.t.c.SpringBootTestContextBootstrapper : Found @SpringBootConfiguration com.switchfully.eurder.EurderApplication for test class com.switchfully.eurder.items.service.ItemServiceTest
2023-03-29T15:18:11.638+02:00  INFO 10932 --- [main] t.c.s.AnnotationConfigContextLoaderUtils : Could not detect default configuration classes for test class [com.switchfully.eurder.items.repository.ItemDataBaseTest]: ItemDataBaseTest does not declare any static, non-private, non-final, nested classes annotated with @Configuration.
2023-03-29T15:18:11.659+02:00  INFO 10932 --- [main] .b.t.c.SpringBootTestContextBootstrapper : Found @SpringBootConfiguration com.switchfully.eurder.EurderApplication for test class com.switchfully.eurder.items.repository.ItemDataBaseTest
2023-03-29T15:18:11.676+02:00  INFO 10932 --- [main] t.c.s.AnnotationConfigContextLoaderUtils : Could not detect default configuration classes for test class [com.switchfully.eurder.items.repository.ItemRepositoryTest]: ItemRepositoryTest does not declare any static, non-private, non-final, nested classes annotated with @Configuration.
2023-03-29T15:18:11.680+02:00  INFO 10932 --- [main] .b.t.c.SpringBootTestContextBootstrapper : Found @SpringBootConfiguration com.switchfully.eurder.EurderApplication for test class com.switchfully.eurder.items.repository.ItemRepositoryTest
2023-03-29T15:18:11.723+02:00  INFO 10932 --- [main] t.c.s.AnnotationConfigContextLoaderUtils : Could not detect default configuration classes for test class [com.switchfully.eurder.items.api.ItemControllerTest]: ItemControllerTest does not declare any static, non-private, non-final, nested classes annotated with @Configuration.
2023-03-29T15:18:11.743+02:00  INFO 10932 --- [main] .b.t.c.SpringBootTestContextBootstrapper : Found @SpringBootConfiguration com.switchfully.eurder.EurderApplication for test class com.switchfully.eurder.items.api.ItemControllerTest
2023-03-29T15:18:11.757+02:00 ERROR 10932 --- [main] c.s.e.i.e.ItemNotFoundException          : Item not found Item with 15545658 id doesn't exist
2023-03-29T15:18:11.767+02:00 ERROR 10932 --- [main] c.s.e.c.e.CustomerNotFoundException      : Customer 2 does not have access to ADD_ITEM
2023-03-29T15:19:22.353+02:00  INFO 8208 --- [main] c.s.eurder.items.domain.ItemMapperTest   : Starting ItemMapperTest using Java 17.0.6 with PID 8208 (started by cdewanne in C:\_development\.programs\switchfully\Örder\Eurder)
2023-03-29T15:19:22.356+02:00  INFO 8208 --- [main] c.s.eurder.items.domain.ItemMapperTest   : No active profile set, falling back to 1 default profile: "default"
2023-03-29T15:19:24.096+02:00  INFO 8208 --- [main] trationDelegate$BeanPostProcessorChecker : Bean 'org.springframework.ws.config.annotation.DelegatingWsConfiguration' of type [org.springframework.ws.config.annotation.DelegatingWsConfiguration$$SpringCGLIB$$0] is not eligible for getting processed by all BeanPostProcessors (for example: not eligible for auto-proxying)
2023-03-29T15:19:24.154+02:00  INFO 8208 --- [main] .w.s.a.s.AnnotationActionEndpointMapping : Supporting [WS-Addressing August 2004, WS-Addressing 1.0]
2023-03-29T15:19:24.743+02:00  INFO 13468 --- [restartedMain] c.switchfully.eurder.EurderApplication   : Starting EurderApplication using Java 17.0.6 with PID 13468 (C:\_development\.programs\switchfully\Örder\Eurder\target\classes started by cdewanne in C:\_development\.programs\switchfully\Örder\Eurder)
2023-03-29T15:19:24.746+02:00  INFO 13468 --- [restartedMain] c.switchfully.eurder.EurderApplication   : No active profile set, falling back to 1 default profile: "default"
2023-03-29T15:19:24.810+02:00  INFO 13468 --- [restartedMain] .e.DevToolsPropertyDefaultsPostProcessor : Devtools property defaults active! Set 'spring.devtools.add-properties' to 'false' to disable
2023-03-29T15:19:24.810+02:00  INFO 13468 --- [restartedMain] .e.DevToolsPropertyDefaultsPostProcessor : For additional web related logging consider setting the 'logging.level.web' property to 'DEBUG'
2023-03-29T15:19:26.466+02:00  INFO 8208 --- [main] c.s.eurder.items.domain.ItemMapperTest   : Started ItemMapperTest in 4.599 seconds (process running for 6.267)
2023-03-29T15:19:26.680+02:00  INFO 13468 --- [restartedMain] trationDelegate$BeanPostProcessorChecker : Bean 'org.springframework.ws.config.annotation.DelegatingWsConfiguration' of type [org.springframework.ws.config.annotation.DelegatingWsConfiguration$$SpringCGLIB$$0] is not eligible for getting processed by all BeanPostProcessors (for example: not eligible for auto-proxying)
2023-03-29T15:19:26.734+02:00  INFO 13468 --- [restartedMain] .w.s.a.s.AnnotationActionEndpointMapping : Supporting [WS-Addressing August 2004, WS-Addressing 1.0]
2023-03-29T15:19:27.234+02:00  INFO 13468 --- [restartedMain] o.s.b.w.embedded.tomcat.TomcatWebServer  : Tomcat initialized with port(s): 8080 (http)
2023-03-29T15:19:27.243+02:00  INFO 13468 --- [restartedMain] o.apache.catalina.core.StandardService   : Starting service [Tomcat]
2023-03-29T15:19:27.244+02:00  INFO 13468 --- [restartedMain] o.apache.catalina.core.StandardEngine    : Starting Servlet engine: [Apache Tomcat/10.1.7]
2023-03-29T15:19:27.341+02:00  INFO 13468 --- [restartedMain] o.a.c.c.C.[Tomcat].[localhost].[/]       : Initializing Spring embedded WebApplicationContext
2023-03-29T15:19:27.341+02:00  INFO 13468 --- [restartedMain] w.s.c.ServletWebServerApplicationContext : Root WebApplicationContext: initialization completed in 2530 ms
2023-03-29T15:19:27.441+02:00  INFO 8208 --- [main] t.c.s.AnnotationConfigContextLoaderUtils : Could not detect default configuration classes for test class [com.switchfully.eurder.items.service.ItemServiceTest]: ItemServiceTest does not declare any static, non-private, non-final, nested classes annotated with @Configuration.
2023-03-29T15:19:27.464+02:00  INFO 8208 --- [main] .b.t.c.SpringBootTestContextBootstrapper : Found @SpringBootConfiguration com.switchfully.eurder.EurderApplication for test class com.switchfully.eurder.items.service.ItemServiceTest
2023-03-29T15:19:27.513+02:00  INFO 8208 --- [main] t.c.s.AnnotationConfigContextLoaderUtils : Could not detect default configuration classes for test class [com.switchfully.eurder.items.repository.ItemDataBaseTest]: ItemDataBaseTest does not declare any static, non-private, non-final, nested classes annotated with @Configuration.
2023-03-29T15:19:27.535+02:00  INFO 8208 --- [main] .b.t.c.SpringBootTestContextBootstrapper : Found @SpringBootConfiguration com.switchfully.eurder.EurderApplication for test class com.switchfully.eurder.items.repository.ItemDataBaseTest
2023-03-29T15:19:27.546+02:00  INFO 8208 --- [main] t.c.s.AnnotationConfigContextLoaderUtils : Could not detect default configuration classes for test class [com.switchfully.eurder.items.repository.ItemRepositoryTest]: ItemRepositoryTest does not declare any static, non-private, non-final, nested classes annotated with @Configuration.
2023-03-29T15:19:27.548+02:00  INFO 8208 --- [main] .b.t.c.SpringBootTestContextBootstrapper : Found @SpringBootConfiguration com.switchfully.eurder.EurderApplication for test class com.switchfully.eurder.items.repository.ItemRepositoryTest
2023-03-29T15:19:27.583+02:00  INFO 8208 --- [main] t.c.s.AnnotationConfigContextLoaderUtils : Could not detect default configuration classes for test class [com.switchfully.eurder.items.api.ItemControllerTest]: ItemControllerTest does not declare any static, non-private, non-final, nested classes annotated with @Configuration.
2023-03-29T15:19:27.601+02:00  INFO 8208 --- [main] .b.t.c.SpringBootTestContextBootstrapper : Found @SpringBootConfiguration com.switchfully.eurder.EurderApplication for test class com.switchfully.eurder.items.api.ItemControllerTest
2023-03-29T15:19:27.618+02:00 ERROR 8208 --- [main] c.s.e.i.e.ItemNotFoundException          : Item not found Item with 15545658 id doesn't exist
2023-03-29T15:19:27.628+02:00 ERROR 8208 --- [main] c.s.e.c.e.CustomerNotFoundException      : Customer 2 does not have access to ADD_ITEM
2023-03-29T15:19:29.494+02:00  INFO 13468 --- [restartedMain] o.s.b.d.a.OptionalLiveReloadServer       : LiveReload server is running on port 35729
2023-03-29T15:19:29.559+02:00  INFO 13468 --- [restartedMain] o.s.b.w.embedded.tomcat.TomcatWebServer  : Tomcat started on port(s): 8080 (http) with context path ''
2023-03-29T15:19:29.579+02:00  INFO 13468 --- [restartedMain] c.switchfully.eurder.EurderApplication   : Started EurderApplication in 5.425 seconds (process running for 6.519)
2023-03-29T15:19:34.841+02:00  INFO 13468 --- [http-nio-8080-exec-3] o.a.c.c.C.[Tomcat].[localhost].[/]       : Initializing Spring DispatcherServlet 'dispatcherServlet'
2023-03-29T15:19:34.841+02:00  INFO 13468 --- [http-nio-8080-exec-3] o.s.web.servlet.DispatcherServlet        : Initializing Servlet 'dispatcherServlet'
2023-03-29T15:19:34.843+02:00  INFO 13468 --- [http-nio-8080-exec-3] o.s.web.servlet.DispatcherServlet        : Completed initialization in 1 ms
2023-03-29T15:19:35.398+02:00  WARN 13468 --- [http-nio-8080-exec-10] ocalVariableTableParameterNameDiscoverer : Using deprecated '-debug' fallback for parameter name resolution. Compile the affected code with '-parameters' instead or avoid its introspection: com.switchfully.eurder.items.api.ItemController
2023-03-29T15:19:35.676+02:00  WARN 13468 --- [http-nio-8080-exec-10] ocalVariableTableParameterNameDiscoverer : Using deprecated '-debug' fallback for parameter name resolution. Compile the affected code with '-parameters' instead or avoid its introspection: com.switchfully.eurder.customers.api.CustomerController
2023-03-29T15:19:35.743+02:00  INFO 13468 --- [http-nio-8080-exec-10] o.springdoc.api.AbstractOpenApiResource  : Init duration for springdoc-openapi is: 449 ms
2023-03-29T15:51:51.688+02:00  INFO 11368 --- [main] c.s.e.i.repository.ItemRepositoryTest    : Starting ItemRepositoryTest using Java 17.0.6 with PID 11368 (started by cdewanne in C:\_development\.programs\switchfully\Örder\Eurder)
2023-03-29T15:51:51.689+02:00  INFO 11368 --- [main] c.s.e.i.repository.ItemRepositoryTest    : No active profile set, falling back to 1 default profile: "default"
2023-03-29T15:51:52.747+02:00  INFO 11368 --- [main] trationDelegate$BeanPostProcessorChecker : Bean 'org.springframework.ws.config.annotation.DelegatingWsConfiguration' of type [org.springframework.ws.config.annotation.DelegatingWsConfiguration$$SpringCGLIB$$0] is not eligible for getting processed by all BeanPostProcessors (for example: not eligible for auto-proxying)
2023-03-29T15:51:52.775+02:00  INFO 11368 --- [main] .w.s.a.s.AnnotationActionEndpointMapping : Supporting [WS-Addressing August 2004, WS-Addressing 1.0]
2023-03-29T15:51:54.181+02:00  INFO 11368 --- [main] c.s.e.i.repository.ItemRepositoryTest    : Started ItemRepositoryTest in 2.829 seconds (process running for 3.958)
2023-03-29T16:04:41.479+02:00  INFO 16608 --- [main] c.s.e.items.service.ItemServiceTest      : Starting ItemServiceTest using Java 17.0.6 with PID 16608 (started by cdewanne in C:\_development\.programs\switchfully\Örder\Eurder)
2023-03-29T16:04:41.481+02:00  INFO 16608 --- [main] c.s.e.items.service.ItemServiceTest      : No active profile set, falling back to 1 default profile: "default"
2023-03-29T16:04:42.319+02:00  INFO 16608 --- [main] trationDelegate$BeanPostProcessorChecker : Bean 'org.springframework.ws.config.annotation.DelegatingWsConfiguration' of type [org.springframework.ws.config.annotation.DelegatingWsConfiguration$$SpringCGLIB$$0] is not eligible for getting processed by all BeanPostProcessors (for example: not eligible for auto-proxying)
2023-03-29T16:04:42.348+02:00  INFO 16608 --- [main] .w.s.a.s.AnnotationActionEndpointMapping : Supporting [WS-Addressing August 2004, WS-Addressing 1.0]
2023-03-29T16:04:43.708+02:00  INFO 16608 --- [main] c.s.e.items.service.ItemServiceTest      : Started ItemServiceTest in 2.537 seconds (process running for 3.578)
2023-03-29T16:10:12.496+02:00  INFO 13468 --- [File Watcher] rtingClassPathChangeChangedEventListener : Restarting due to 1 class path change (0 additions, 1 deletion, 0 modifications)
2023-03-29T16:10:12.507+02:00  INFO 13468 --- [Thread-5] o.apache.catalina.core.StandardService   : Stopping service [Tomcat]
2023-03-29T16:10:12.508+02:00  INFO 13468 --- [Thread-5] o.a.c.c.C.[Tomcat].[localhost].[/]       : Destroying Spring FrameworkServlet 'dispatcherServlet'
2023-03-29T16:10:12.611+02:00  INFO 13468 --- [restartedMain] c.switchfully.eurder.EurderApplication   : Starting EurderApplication using Java 17.0.6 with PID 13468 (C:\_development\.programs\switchfully\Örder\Eurder\target\classes started by cdewanne in C:\_development\.programs\switchfully\Örder\Eurder)
2023-03-29T16:10:12.611+02:00  INFO 13468 --- [restartedMain] c.switchfully.eurder.EurderApplication   : No active profile set, falling back to 1 default profile: "default"
2023-03-29T16:10:12.871+02:00  INFO 13468 --- [restartedMain] trationDelegate$BeanPostProcessorChecker : Bean 'org.springframework.ws.config.annotation.DelegatingWsConfiguration' of type [org.springframework.ws.config.annotation.DelegatingWsConfiguration$$SpringCGLIB$$0] is not eligible for getting processed by all BeanPostProcessors (for example: not eligible for auto-proxying)
2023-03-29T16:10:12.873+02:00  INFO 13468 --- [restartedMain] .w.s.a.s.AnnotationActionEndpointMapping : Supporting [WS-Addressing August 2004, WS-Addressing 1.0]
2023-03-29T16:10:12.918+02:00  INFO 13468 --- [restartedMain] o.s.b.w.embedded.tomcat.TomcatWebServer  : Tomcat initialized with port(s): 8080 (http)
2023-03-29T16:10:12.919+02:00  INFO 13468 --- [restartedMain] o.apache.catalina.core.StandardService   : Starting service [Tomcat]
2023-03-29T16:10:12.920+02:00  INFO 13468 --- [restartedMain] o.apache.catalina.core.StandardEngine    : Starting Servlet engine: [Apache Tomcat/10.1.7]
2023-03-29T16:10:12.947+02:00  INFO 13468 --- [restartedMain] o.a.c.c.C.[Tomcat].[localhost].[/]       : Initializing Spring embedded WebApplicationContext
2023-03-29T16:10:12.947+02:00  INFO 13468 --- [restartedMain] w.s.c.ServletWebServerApplicationContext : Root WebApplicationContext: initialization completed in 333 ms
2023-03-29T16:10:13.319+02:00  INFO 13468 --- [restartedMain] o.s.b.d.a.OptionalLiveReloadServer       : LiveReload server is running on port 35729
2023-03-29T16:10:13.332+02:00  INFO 13468 --- [restartedMain] o.s.b.w.embedded.tomcat.TomcatWebServer  : Tomcat started on port(s): 8080 (http) with context path ''
2023-03-29T16:10:13.337+02:00  INFO 13468 --- [restartedMain] c.switchfully.eurder.EurderApplication   : Started EurderApplication in 0.758 seconds (process running for 3050.275)
2023-03-29T16:10:13.339+02:00  INFO 13468 --- [restartedMain] .ConditionEvaluationDeltaLoggingListener : Condition evaluation unchanged
2023-03-29T16:10:14.749+02:00  INFO 13468 --- [File Watcher] rtingClassPathChangeChangedEventListener : Restarting due to 1 class path change (1 addition, 0 deletions, 0 modifications)
2023-03-29T16:10:14.759+02:00  INFO 13468 --- [Thread-7] o.apache.catalina.core.StandardService   : Stopping service [Tomcat]
2023-03-29T16:10:14.831+02:00  INFO 13468 --- [restartedMain] c.switchfully.eurder.EurderApplication   : Starting EurderApplication using Java 17.0.6 with PID 13468 (C:\_development\.programs\switchfully\Örder\Eurder\target\classes started by cdewanne in C:\_development\.programs\switchfully\Örder\Eurder)
2023-03-29T16:10:14.832+02:00  INFO 13468 --- [restartedMain] c.switchfully.eurder.EurderApplication   : No active profile set, falling back to 1 default profile: "default"
2023-03-29T16:10:15.108+02:00  INFO 13468 --- [restartedMain] trationDelegate$BeanPostProcessorChecker : Bean 'org.springframework.ws.config.annotation.DelegatingWsConfiguration' of type [org.springframework.ws.config.annotation.DelegatingWsConfiguration$$SpringCGLIB$$0] is not eligible for getting processed by all BeanPostProcessors (for example: not eligible for auto-proxying)
2023-03-29T16:10:15.112+02:00  INFO 13468 --- [restartedMain] .w.s.a.s.AnnotationActionEndpointMapping : Supporting [WS-Addressing August 2004, WS-Addressing 1.0]
2023-03-29T16:10:15.163+02:00  INFO 13468 --- [restartedMain] o.s.b.w.embedded.tomcat.TomcatWebServer  : Tomcat initialized with port(s): 8080 (http)
2023-03-29T16:10:15.163+02:00  INFO 13468 --- [restartedMain] o.apache.catalina.core.StandardService   : Starting service [Tomcat]
2023-03-29T16:10:15.164+02:00  INFO 13468 --- [restartedMain] o.apache.catalina.core.StandardEngine    : Starting Servlet engine: [Apache Tomcat/10.1.7]
2023-03-29T16:10:15.189+02:00  INFO 13468 --- [restartedMain] o.a.c.c.C.[Tomcat].[localhost].[/]       : Initializing Spring embedded WebApplicationContext
2023-03-29T16:10:15.189+02:00  INFO 13468 --- [restartedMain] w.s.c.ServletWebServerApplicationContext : Root WebApplicationContext: initialization completed in 354 ms
2023-03-29T16:10:15.285+02:00  INFO 10832 --- [main] c.s.eurder.items.api.ItemControllerTest  : Starting ItemControllerTest using Java 17.0.6 with PID 10832 (started by cdewanne in C:\_development\.programs\switchfully\Örder\Eurder)
2023-03-29T16:10:15.286+02:00  INFO 10832 --- [main] c.s.eurder.items.api.ItemControllerTest  : No active profile set, falling back to 1 default profile: "default"
2023-03-29T16:10:15.589+02:00  INFO 13468 --- [restartedMain] o.s.b.d.a.OptionalLiveReloadServer       : LiveReload server is running on port 35729
2023-03-29T16:10:15.599+02:00  INFO 13468 --- [restartedMain] o.s.b.w.embedded.tomcat.TomcatWebServer  : Tomcat started on port(s): 8080 (http) with context path ''
2023-03-29T16:10:15.603+02:00  INFO 13468 --- [restartedMain] c.switchfully.eurder.EurderApplication   : Started EurderApplication in 0.804 seconds (process running for 3052.542)
2023-03-29T16:10:15.605+02:00  INFO 13468 --- [restartedMain] .ConditionEvaluationDeltaLoggingListener : Condition evaluation unchanged
2023-03-29T16:10:16.196+02:00  INFO 10832 --- [main] trationDelegate$BeanPostProcessorChecker : Bean 'org.springframework.ws.config.annotation.DelegatingWsConfiguration' of type [org.springframework.ws.config.annotation.DelegatingWsConfiguration$$SpringCGLIB$$0] is not eligible for getting processed by all BeanPostProcessors (for example: not eligible for auto-proxying)
2023-03-29T16:10:16.231+02:00  INFO 10832 --- [main] .w.s.a.s.AnnotationActionEndpointMapping : Supporting [WS-Addressing August 2004, WS-Addressing 1.0]
2023-03-29T16:10:17.584+02:00  INFO 10832 --- [main] c.s.eurder.items.api.ItemControllerTest  : Started ItemControllerTest in 2.637 seconds (process running for 3.735)
2023-03-29T16:11:27.367+02:00  INFO 16672 --- [main] c.s.eurder.items.api.ItemControllerTest  : Starting ItemControllerTest using Java 17.0.6 with PID 16672 (started by cdewanne in C:\_development\.programs\switchfully\Örder\Eurder)
2023-03-29T16:11:27.368+02:00  INFO 16672 --- [main] c.s.eurder.items.api.ItemControllerTest  : No active profile set, falling back to 1 default profile: "default"
2023-03-29T16:11:28.199+02:00  INFO 16672 --- [main] trationDelegate$BeanPostProcessorChecker : Bean 'org.springframework.ws.config.annotation.DelegatingWsConfiguration' of type [org.springframework.ws.config.annotation.DelegatingWsConfiguration$$SpringCGLIB$$0] is not eligible for getting processed by all BeanPostProcessors (for example: not eligible for auto-proxying)
2023-03-29T16:11:28.235+02:00  INFO 16672 --- [main] .w.s.a.s.AnnotationActionEndpointMapping : Supporting [WS-Addressing August 2004, WS-Addressing 1.0]
2023-03-29T16:11:29.527+02:00  INFO 16672 --- [main] c.s.eurder.items.api.ItemControllerTest  : Started ItemControllerTest in 2.472 seconds (process running for 3.584)
